<?xml version="1.0" encoding="UTF-8"?>
<testsuite name="moe.sola.http.HttpTest" tests="1" skipped="0" failures="0" errors="0" timestamp="2020-05-21T08:01:37" hostname="youhuajiedeMacBook-Pro.local" time="0.001">
  <properties/>
  <testcase name="adapterTest" classname="moe.sola.http.HttpTest" time="0.001"/>
  <system-out><![CDATA[]]></system-out>
  <system-err><![CDATA[]]></system-err>
</testsuite>
